<?xml version="1.0" encoding="UTF-8"?>
<!-- Generated by org.testng.reporters.JUnitXMLReporter -->
<testsuite hostname="jarvis" ignored="0" name="Command line test" tests="6" failures="0" timestamp="2021-05-01T20:09:14 IST" time="0.109" errors="0">
  <testcase name="IOSApps" time="0.023" classname="PoojaAcademy.MavenProject.AppiumTest"/>
  <testcase name="nativeAppAndroid" time="0.0" classname="PoojaAcademy.MavenProject.AppiumTest"/>
  <testcase name="deleteTwitter" time="0.0" classname="PoojaAcademy.MavenProject.RestAPITest"/>
  <testcase name="postJIRA" time="0.0" classname="PoojaAcademy.MavenProject.RestAPITest"/>
  <testcase name="BrowserAutomation" time="0.001" classname="PoojaAcademy.MavenProject.SeleniumTest"/>
  <testcase name="ElementUi" time="0.0" classname="PoojaAcademy.MavenProject.SeleniumTest"/>
</testsuite> <!-- Command line test -->
