<?xml version="1.0" encoding="UTF-8"?>
<!-- Generated by org.testng.reporters.JUnitXMLReporter -->
<testsuite hostname="jarvis" ignored="0" name="Test" tests="6" failures="0" timestamp="2021-04-21T16:02:07 IST" time="0.095" errors="0">
  <testcase name="IOSApps" time="0.008" classname="PoojaAcademy.MavenProject.AppiumTest"/>
  <testcase name="nativeAppAndroid" time="0.0" classname="PoojaAcademy.MavenProject.AppiumTest"/>
  <testcase name="deleteTwitter" time="0.0" classname="PoojaAcademy.MavenProject.RestAPITest"/>
  <testcase name="postJIRA" time="0.001" classname="PoojaAcademy.MavenProject.RestAPITest"/>
  <testcase name="BrowserAutomation" time="0.001" classname="PoojaAcademy.MavenProject.SeleniumTest"/>
  <testcase name="ElementUi" time="0.008" classname="PoojaAcademy.MavenProject.SeleniumTest"/>
</testsuite> <!-- Test -->
