<?xml version="1.0" encoding="UTF-8"?>
<testng-results skipped="0" failed="0" ignored="0" total="2" passed="2">
  <reporter-output>
  </reporter-output>
  <suite name="Default suite" duration-ms="72" started-at="2021-04-21T12:31:52Z" finished-at="2021-04-21T12:31:52Z">
    <groups>
    </groups>
    <test name="Default test" duration-ms="72" started-at="2021-04-21T12:31:52Z" finished-at="2021-04-21T12:31:52Z">
      <class name="PoojaAcademy.MavenProject.SeleniumTest">
        <test-method status="PASS" signature="BrowserAutomation()[pri:0, instance:PoojaAcademy.MavenProject.SeleniumTest@4f7d0008]" name="BrowserAutomation" duration-ms="20" started-at="2021-04-21T12:31:52Z" finished-at="2021-04-21T12:31:52Z">
          <reporter-output>
          </reporter-output>
        </test-method> <!-- BrowserAutomation -->
        <test-method status="PASS" signature="ElementUi()[pri:0, instance:PoojaAcademy.MavenProject.SeleniumTest@4f7d0008]" name="ElementUi" duration-ms="2" started-at="2021-04-21T12:31:52Z" finished-at="2021-04-21T12:31:52Z">
          <reporter-output>
          </reporter-output>
        </test-method> <!-- ElementUi -->
      </class> <!-- PoojaAcademy.MavenProject.SeleniumTest -->
    </test> <!-- Default test -->
  </suite> <!-- Default suite -->
</testng-results>
